2025-06-19 05:45:17,523 - INFO - Rotor V4 boot sequence started.
2025-06-19 05:45:17,546 - ERROR - ❌ GitHub upload failed: /home/lucasreynolds1988/Soap/test_upload.tar.gz.part_aa — Command '['git', 'push', 'origin', 'main']' returned non-zero exit status 1.
2025-06-19 05:45:19,575 - ERROR - ❌ MongoDB error: 'fsUsedSize'
2025-06-19 05:45:21,722 - INFO - ✅ GCS upload complete: test_upload.tar.gz.part_aa
2025-06-19 05:45:23,723 - WARNING - ⚠️ Incomplete upload: test_upload.tar.gz.part_aa
2025-06-19 05:45:23,723 - INFO - ✅ Rotor V4 mission complete.
2025-06-19 05:48:37,511 - INFO - Rotor V5 spin initiated.
2025-06-19 05:48:53,372 - WARNING - ❌ GitHub upload failed: /home/lucasreynolds1988/ati-web-app.zip — Command '['git', 'add', '/home/lucasreynolds1988/ati-web-app.zip']' returned non-zero exit status 128.
2025-06-19 05:48:55,401 - WARNING - ❌ MongoDB error: 'fsUsedSize'
2025-06-19 05:48:58,890 - INFO - ✅ GCS upload complete: ati-web-app.zip
2025-06-19 05:49:00,891 - WARNING - ⚠️ Upload incomplete: /home/lucasreynolds1988/ati-web-app.zip
2025-06-19 05:49:01,358 - WARNING - ❌ GitHub upload failed: /home/lucasreynolds1988/lippert master storage and convenience owners manual.pdf — Command '['git', 'add', '/home/lucasreynolds1988/lippert master storage and convenience owners manual.pdf']' returned non-zero exit status 128.
2025-06-19 05:49:03,360 - WARNING - ❌ MongoDB error: 'fsUsedSize'
2025-06-19 05:49:05,637 - INFO - ✅ GCS upload complete: lippert master storage and convenience owners manual.pdf
2025-06-19 05:49:07,637 - WARNING - ⚠️ Upload incomplete: /home/lucasreynolds1988/lippert master storage and convenience owners manual.pdf
2025-06-19 05:49:07,973 - WARNING - ❌ GitHub upload failed: /home/lucasreynolds1988/lippert master slide-outs owners manual.pdf — Command '['git', 'add', '/home/lucasreynolds1988/lippert master slide-outs owners manual.pdf']' returned non-zero exit status 128.
2025-06-19 05:49:09,975 - WARNING - ❌ MongoDB error: 'fsUsedSize'
2025-06-19 05:49:12,355 - INFO - ✅ GCS upload complete: lippert master slide-outs owners manual.pdf
2025-06-19 05:49:14,356 - WARNING - ⚠️ Upload incomplete: /home/lucasreynolds1988/lippert master slide-outs owners manual.pdf
2025-06-19 05:49:14,562 - WARNING - ❌ GitHub upload failed: /home/lucasreynolds1988/lippert master kitchen and bath owners manual.pdf — Command '['git', 'add', '/home/lucasreynolds1988/lippert master kitchen and bath owners manual.pdf']' returned non-zero exit status 128.
2025-06-19 05:49:16,565 - WARNING - ❌ MongoDB error: 'fsUsedSize'
2025-06-19 05:49:18,691 - INFO - ✅ GCS upload complete: lippert master kitchen and bath owners manual.pdf
2025-06-19 05:49:20,692 - WARNING - ⚠️ Upload incomplete: /home/lucasreynolds1988/lippert master kitchen and bath owners manual.pdf
2025-06-19 05:49:20,950 - WARNING - ❌ GitHub upload failed: /home/lucasreynolds1988/master awning owners manaul 2.pdf — Command '['git', 'add', '/home/lucasreynolds1988/master awning owners manaul 2.pdf']' returned non-zero exit status 128.
2025-06-19 05:49:22,952 - WARNING - ❌ MongoDB error: 'fsUsedSize'
2025-06-19 05:49:25,294 - INFO - ✅ GCS upload complete: master awning owners manaul 2.pdf
2025-06-19 05:49:27,294 - WARNING - ⚠️ Upload incomplete: /home/lucasreynolds1988/master awning owners manaul 2.pdf
2025-06-19 05:49:27,306 - WARNING - ❌ GitHub upload failed: /home/lucasreynolds1988/pip_offloader.py — Command '['git', 'add', '/home/lucasreynolds1988/pip_offloader.py']' returned non-zero exit status 128.
2025-06-19 05:49:29,312 - WARNING - ❌ MongoDB error: 'fsUsedSize'
2025-06-19 05:49:31,384 - INFO - ✅ GCS upload complete: pip_offloader.py
2025-06-19 05:49:33,384 - WARNING - ⚠️ Upload incomplete: /home/lucasreynolds1988/pip_offloader.py
2025-06-19 05:49:33,542 - WARNING - ❌ GitHub upload failed: /home/lucasreynolds1988/lippert master entry steps owners manual.pdf — Command '['git', 'add', '/home/lucasreynolds1988/lippert master entry steps owners manual.pdf']' returned non-zero exit status 128.
2025-06-19 05:49:35,545 - WARNING - ❌ MongoDB error: 'fsUsedSize'
2025-06-19 05:49:37,687 - INFO - ✅ GCS upload complete: lippert master entry steps owners manual.pdf
2025-06-19 05:49:39,687 - WARNING - ⚠️ Upload incomplete: /home/lucasreynolds1988/lippert master entry steps owners manual.pdf
2025-06-19 05:49:39,892 - WARNING - ❌ GitHub upload failed: /home/lucasreynolds1988/lippert master leveling and stabilization owners manual 4.pdf — Command '['git', 'add', '/home/lucasreynolds1988/lippert master leveling and stabilization owners manual 4.pdf']' returned non-zero exit status 128.
2025-06-19 05:49:41,894 - WARNING - ❌ MongoDB error: 'fsUsedSize'
2025-06-19 05:49:44,070 - INFO - ✅ GCS upload complete: lippert master leveling and stabilization owners manual 4.pdf
2025-06-19 05:49:46,070 - WARNING - ⚠️ Upload incomplete: /home/lucasreynolds1988/lippert master leveling and stabilization owners manual 4.pdf
2025-06-19 05:49:46,095 - WARNING - ❌ GitHub upload failed: /home/lucasreynolds1988/app.py — Command '['git', 'add', '/home/lucasreynolds1988/app.py']' returned non-zero exit status 128.
2025-06-19 05:49:48,098 - WARNING - ❌ MongoDB error: 'fsUsedSize'
2025-06-19 05:49:50,180 - INFO - ✅ GCS upload complete: app.py
2025-06-19 05:49:52,180 - WARNING - ⚠️ Upload incomplete: /home/lucasreynolds1988/app.py
2025-06-19 05:49:52,221 - WARNING - ❌ GitHub upload failed: /home/lucasreynolds1988/lippert master leveling and stabilization owners manual 5.pdf — Command '['git', 'add', '/home/lucasreynolds1988/lippert master leveling and stabilization owners manual 5.pdf']' returned non-zero exit status 128.
2025-06-19 05:49:54,224 - WARNING - ❌ MongoDB error: 'fsUsedSize'
2025-06-19 05:49:56,346 - INFO - ✅ GCS upload complete: lippert master leveling and stabilization owners manual 5.pdf
2025-06-19 05:49:58,347 - WARNING - ⚠️ Upload incomplete: /home/lucasreynolds1988/lippert master leveling and stabilization owners manual 5.pdf
2025-06-19 05:49:59,020 - WARNING - ❌ GitHub upload failed: /home/lucasreynolds1988/master awnings owner manuals 1.pdf — Command '['git', 'add', '/home/lucasreynolds1988/master awnings owner manuals 1.pdf']' returned non-zero exit status 128.
2025-06-19 05:50:01,022 - WARNING - ❌ MongoDB error: 'fsUsedSize'
2025-06-19 05:50:03,419 - INFO - ✅ GCS upload complete: master awnings owner manuals 1.pdf
2025-06-19 05:50:05,419 - WARNING - ⚠️ Upload incomplete: /home/lucasreynolds1988/master awnings owner manuals 1.pdf
2025-06-19 05:50:05,615 - WARNING - ❌ GitHub upload failed: /home/lucasreynolds1988/lippert master sewer and fresh water owners manual.pdf — Command '['git', 'add', '/home/lucasreynolds1988/lippert master sewer and fresh water owners manual.pdf']' returned non-zero exit status 128.
2025-06-19 05:50:07,617 - WARNING - ❌ MongoDB error: 'fsUsedSize'
2025-06-19 05:50:09,758 - INFO - ✅ GCS upload complete: lippert master sewer and fresh water owners manual.pdf
2025-06-19 05:50:11,758 - WARNING - ⚠️ Upload incomplete: /home/lucasreynolds1988/lippert master sewer and fresh water owners manual.pdf
2025-06-19 05:50:11,978 - WARNING - ❌ GitHub upload failed: /home/lucasreynolds1988/lippert master skylights owners manual.pdf — Command '['git', 'add', '/home/lucasreynolds1988/lippert master skylights owners manual.pdf']' returned non-zero exit status 128.
2025-06-19 05:50:13,980 - WARNING - ❌ MongoDB error: 'fsUsedSize'
2025-06-19 05:50:16,277 - INFO - ✅ GCS upload complete: lippert master skylights owners manual.pdf
2025-06-19 05:50:18,277 - WARNING - ⚠️ Upload incomplete: /home/lucasreynolds1988/lippert master skylights owners manual.pdf
2025-06-19 05:50:18,612 - WARNING - ❌ GitHub upload failed: /home/lucasreynolds1988/lippert master leveling and stabilization owners manual 1.pdf — Command '['git', 'add', '/home/lucasreynolds1988/lippert master leveling and stabilization owners manual 1.pdf']' returned non-zero exit status 128.
2025-06-19 05:50:20,614 - WARNING - ❌ MongoDB error: 'fsUsedSize'
2025-06-19 05:50:23,081 - INFO - ✅ GCS upload complete: lippert master leveling and stabilization owners manual 1.pdf
2025-06-19 05:50:25,081 - WARNING - ⚠️ Upload incomplete: /home/lucasreynolds1988/lippert master leveling and stabilization owners manual 1.pdf
2025-06-19 05:50:25,095 - WARNING - ❌ GitHub upload failed: /home/lucasreynolds1988/.python_history — Command '['git', 'add', '/home/lucasreynolds1988/.python_history']' returned non-zero exit status 128.
2025-06-19 05:50:27,097 - WARNING - ❌ MongoDB error: 'fsUsedSize'
2025-06-19 05:50:29,180 - INFO - ✅ GCS upload complete: .python_history
2025-06-19 05:50:31,181 - WARNING - ⚠️ Upload incomplete: /home/lucasreynolds1988/.python_history
2025-06-19 05:50:31,308 - WARNING - ❌ GitHub upload failed: /home/lucasreynolds1988/lippert master towing owners manual.pdf — Command '['git', 'add', '/home/lucasreynolds1988/lippert master towing owners manual.pdf']' returned non-zero exit status 128.
2025-06-19 05:50:33,310 - WARNING - ❌ MongoDB error: 'fsUsedSize'
2025-06-19 05:50:35,503 - INFO - ✅ GCS upload complete: lippert master towing owners manual.pdf
2025-06-19 05:50:37,503 - WARNING - ⚠️ Upload incomplete: /home/lucasreynolds1988/lippert master towing owners manual.pdf
2025-06-19 05:50:37,758 - WARNING - ❌ GitHub upload failed: /home/lucasreynolds1988/lippert master windows owners manual.pdf — Command '['git', 'add', '/home/lucasreynolds1988/lippert master windows owners manual.pdf']' returned non-zero exit status 128.
2025-06-19 05:50:39,760 - WARNING - ❌ MongoDB error: 'fsUsedSize'
2025-06-19 05:50:41,931 - INFO - ✅ GCS upload complete: lippert master windows owners manual.pdf
2025-06-19 05:50:43,931 - WARNING - ⚠️ Upload incomplete: /home/lucasreynolds1988/lippert master windows owners manual.pdf
2025-06-19 05:50:44,251 - WARNING - ❌ GitHub upload failed: /home/lucasreynolds1988/lippert master leveling and stabilization owners manual 3.pdf — Command '['git', 'add', '/home/lucasreynolds1988/lippert master leveling and stabilization owners manual 3.pdf']' returned non-zero exit status 128.
2025-06-19 05:50:46,253 - WARNING - ❌ MongoDB error: 'fsUsedSize'
2025-06-19 05:50:48,996 - INFO - ✅ GCS upload complete: lippert master leveling and stabilization owners manual 3.pdf
2025-06-19 05:50:50,996 - WARNING - ⚠️ Upload incomplete: /home/lucasreynolds1988/lippert master leveling and stabilization owners manual 3.pdf
2025-06-19 05:50:51,332 - WARNING - ❌ GitHub upload failed: /home/lucasreynolds1988/lippert master leveling and stabilization owners manual 6.pdf — Command '['git', 'add', '/home/lucasreynolds1988/lippert master leveling and stabilization owners manual 6.pdf']' returned non-zero exit status 128.
2025-06-19 05:50:53,335 - WARNING - ❌ MongoDB error: 'fsUsedSize'
2025-06-19 05:50:55,737 - INFO - ✅ GCS upload complete: lippert master leveling and stabilization owners manual 6.pdf
2025-06-19 05:50:57,737 - WARNING - ⚠️ Upload incomplete: /home/lucasreynolds1988/lippert master leveling and stabilization owners manual 6.pdf
2025-06-19 05:50:57,983 - WARNING - ❌ GitHub upload failed: /home/lucasreynolds1988/master axles and suspension owners manual.pdf — Command '['git', 'add', '/home/lucasreynolds1988/master axles and suspension owners manual.pdf']' returned non-zero exit status 128.
2025-06-19 05:50:59,986 - WARNING - ❌ MongoDB error: 'fsUsedSize'
2025-06-19 05:51:02,292 - INFO - ✅ GCS upload complete: master axles and suspension owners manual.pdf
2025-06-19 05:51:04,293 - WARNING - ⚠️ Upload incomplete: /home/lucasreynolds1988/master axles and suspension owners manual.pdf
2025-06-19 05:51:04,665 - WARNING - ❌ GitHub upload failed: /home/lucasreynolds1988/lippert master leveling and stabilization owners manual 2.pdf — Command '['git', 'add', '/home/lucasreynolds1988/lippert master leveling and stabilization owners manual 2.pdf']' returned non-zero exit status 128.
2025-06-19 05:51:06,667 - WARNING - ❌ MongoDB error: 'fsUsedSize'
2025-06-19 05:51:09,108 - INFO - ✅ GCS upload complete: lippert master leveling and stabilization owners manual 2.pdf
2025-06-19 05:51:11,108 - WARNING - ⚠️ Upload incomplete: /home/lucasreynolds1988/lippert master leveling and stabilization owners manual 2.pdf
2025-06-19 05:51:11,313 - WARNING - ❌ GitHub upload failed: /home/lucasreynolds1988/lippert master brakes owners manual.pdf — Command '['git', 'add', '/home/lucasreynolds1988/lippert master brakes owners manual.pdf']' returned non-zero exit status 128.
2025-06-19 05:51:13,316 - WARNING - ❌ MongoDB error: 'fsUsedSize'
2025-06-19 05:51:15,553 - INFO - ✅ GCS upload complete: lippert master brakes owners manual.pdf
2025-06-19 05:51:17,554 - WARNING - ⚠️ Upload incomplete: /home/lucasreynolds1988/lippert master brakes owners manual.pdf
2025-06-19 05:51:17,880 - WARNING - ❌ GitHub upload failed: /home/lucasreynolds1988/master awning owners manual 3.pdf — Command '['git', 'add', '/home/lucasreynolds1988/master awning owners manual 3.pdf']' returned non-zero exit status 128.
2025-06-19 05:51:19,882 - WARNING - ❌ MongoDB error: 'fsUsedSize'
2025-06-19 05:51:22,230 - INFO - ✅ GCS upload complete: master awning owners manual 3.pdf
2025-06-19 05:51:24,231 - WARNING - ⚠️ Upload incomplete: /home/lucasreynolds1988/master awning owners manual 3.pdf
2025-06-19 05:51:24,895 - WARNING - ❌ GitHub upload failed: /home/lucasreynolds1988/Document Cloud.zip — Command '['git', 'add', '/home/lucasreynolds1988/Document Cloud.zip']' returned non-zero exit status 128.
2025-06-19 05:51:26,898 - WARNING - ❌ MongoDB error: 'fsUsedSize'
2025-06-19 05:51:29,485 - INFO - ✅ GCS upload complete: Document Cloud.zip
2025-06-19 05:51:31,485 - WARNING - ⚠️ Upload incomplete: /home/lucasreynolds1988/Document Cloud.zip
2025-06-19 05:51:31,508 - WARNING - ❌ GitHub upload failed: /home/lucasreynolds1988/ati-web-app/split_zip_by_size.py — Command '['git', 'add', '/home/lucasreynolds1988/ati-web-app/split_zip_by_size.py']' returned non-zero exit status 128.
2025-06-19 05:51:33,510 - WARNING - ❌ MongoDB error: 'fsUsedSize'
2025-06-19 05:51:35,604 - INFO - ✅ GCS upload complete: split_zip_by_size.py
2025-06-19 05:51:37,604 - WARNING - ⚠️ Upload incomplete: /home/lucasreynolds1988/ati-web-app/split_zip_by_size.py
2025-06-19 05:51:37,626 - WARNING - ❌ GitHub upload failed: /home/lucasreynolds1988/ati-web-app/backend/RagVectorizer.py — Command '['git', 'add', '/home/lucasreynolds1988/ati-web-app/backend/RagVectorizer.py']' returned non-zero exit status 128.
2025-06-19 05:51:39,635 - WARNING - ❌ MongoDB error: 'fsUsedSize'
2025-06-19 05:51:41,718 - INFO - ✅ GCS upload complete: RagVectorizer.py
2025-06-19 05:51:43,718 - WARNING - ⚠️ Upload incomplete: /home/lucasreynolds1988/ati-web-app/backend/RagVectorizer.py
2025-06-19 05:51:43,732 - WARNING - ❌ GitHub upload failed: /home/lucasreynolds1988/ati-web-app/backend/RagGenerateSOP.py — Command '['git', 'add', '/home/lucasreynolds1988/ati-web-app/backend/RagGenerateSOP.py']' returned non-zero exit status 128.
2025-06-19 05:51:45,734 - WARNING - ❌ MongoDB error: 'fsUsedSize'
2025-06-19 05:51:47,816 - INFO - ✅ GCS upload complete: RagGenerateSOP.py
2025-06-19 05:51:49,816 - WARNING - ⚠️ Upload incomplete: /home/lucasreynolds1988/ati-web-app/backend/RagGenerateSOP.py
2025-06-19 05:51:49,841 - WARNING - ❌ GitHub upload failed: /home/lucasreynolds1988/ati-web-app/backend/vector_ingest.py — Command '['git', 'add', '/home/lucasreynolds1988/ati-web-app/backend/vector_ingest.py']' returned non-zero exit status 128.
2025-06-19 05:51:51,843 - WARNING - ❌ MongoDB error: 'fsUsedSize'
2025-06-19 05:51:53,915 - INFO - ✅ GCS upload complete: vector_ingest.py
2025-06-19 05:51:55,915 - WARNING - ⚠️ Upload incomplete: /home/lucasreynolds1988/ati-web-app/backend/vector_ingest.py
2025-06-19 05:51:55,918 - WARNING - ❌ GitHub upload failed: /home/lucasreynolds1988/ati-web-app/backend/.pip-offload.py.swp — Command '['git', 'add', '/home/lucasreynolds1988/ati-web-app/backend/.pip-offload.py.swp']' returned non-zero exit status 128.
2025-06-19 05:51:57,920 - WARNING - ❌ MongoDB error: 'fsUsedSize'
2025-06-19 05:51:59,986 - INFO - ✅ GCS upload complete: .pip-offload.py.swp
2025-06-19 05:52:01,986 - WARNING - ⚠️ Upload incomplete: /home/lucasreynolds1988/ati-web-app/backend/.pip-offload.py.swp
2025-06-19 05:52:03,143 - WARNING - ❌ GitHub upload failed: /home/lucasreynolds1988/ati-web-app/backend/pip-mirror-part1.zip — Command '['git', 'add', '/home/lucasreynolds1988/ati-web-app/backend/pip-mirror-part1.zip']' returned non-zero exit status 128.
2025-06-19 05:52:05,145 - WARNING - ❌ MongoDB error: 'fsUsedSize'
2025-06-19 05:52:07,825 - INFO - ✅ GCS upload complete: pip-mirror-part1.zip
2025-06-19 05:52:09,825 - WARNING - ⚠️ Upload incomplete: /home/lucasreynolds1988/ati-web-app/backend/pip-mirror-part1.zip
2025-06-19 05:52:09,840 - WARNING - ❌ GitHub upload failed: /home/lucasreynolds1988/ati-web-app/backend/ask_engine.py — Command '['git', 'add', '/home/lucasreynolds1988/ati-web-app/backend/ask_engine.py']' returned non-zero exit status 128.
2025-06-19 05:52:11,842 - WARNING - ❌ MongoDB error: 'fsUsedSize'
2025-06-19 05:52:13,917 - INFO - ✅ GCS upload complete: ask_engine.py
2025-06-19 05:52:15,917 - WARNING - ⚠️ Upload incomplete: /home/lucasreynolds1988/ati-web-app/backend/ask_engine.py
2025-06-19 05:52:16,366 - WARNING - ❌ GitHub upload failed: /home/lucasreynolds1988/ati-web-app/backend/pip-mirror-part2.zip — Command '['git', 'add', '/home/lucasreynolds1988/ati-web-app/backend/pip-mirror-part2.zip']' returned non-zero exit status 128.
2025-06-19 05:52:18,368 - WARNING - ❌ MongoDB error: 'fsUsedSize'
2025-06-19 05:52:20,707 - INFO - ✅ GCS upload complete: pip-mirror-part2.zip
2025-06-19 05:52:22,708 - WARNING - ⚠️ Upload incomplete: /home/lucasreynolds1988/ati-web-app/backend/pip-mirror-part2.zip
2025-06-19 05:52:22,730 - WARNING - ❌ GitHub upload failed: /home/lucasreynolds1988/ati-web-app/backend/.RagVectorizer.py.swp — Command '['git', 'add', '/home/lucasreynolds1988/ati-web-app/backend/.RagVectorizer.py.swp']' returned non-zero exit status 128.
2025-06-19 05:52:24,738 - WARNING - ❌ MongoDB error: 'fsUsedSize'
2025-06-19 05:52:26,862 - INFO - ✅ GCS upload complete: .RagVectorizer.py.swp
2025-06-19 05:52:28,862 - WARNING - ⚠️ Upload incomplete: /home/lucasreynolds1988/ati-web-app/backend/.RagVectorizer.py.swp
2025-06-19 05:52:31,899 - WARNING - ❌ GitHub upload failed: /home/lucasreynolds1988/ati-web-app/backend/venv-backup.zip — Command '['git', 'add', '/home/lucasreynolds1988/ati-web-app/backend/venv-backup.zip']' returned non-zero exit status 128.
2025-06-19 05:52:33,901 - WARNING - ❌ MongoDB error: 'fsUsedSize'
2025-06-19 05:52:39,212 - INFO - ✅ GCS upload complete: venv-backup.zip
2025-06-19 05:52:41,212 - WARNING - ⚠️ Upload incomplete: /home/lucasreynolds1988/ati-web-app/backend/venv-backup.zip
2025-06-19 05:52:41,217 - WARNING - ❌ GitHub upload failed: /home/lucasreynolds1988/ati-web-app/backend/pip-offload.py — Command '['git', 'add', '/home/lucasreynolds1988/ati-web-app/backend/pip-offload.py']' returned non-zero exit status 128.
2025-06-19 05:52:43,219 - WARNING - ❌ MongoDB error: 'fsUsedSize'
2025-06-19 05:52:45,299 - INFO - ✅ GCS upload complete: pip-offload.py
2025-06-19 05:52:47,300 - WARNING - ⚠️ Upload incomplete: /home/lucasreynolds1988/ati-web-app/backend/pip-offload.py
2025-06-19 05:52:47,316 - WARNING - ❌ GitHub upload failed: /home/lucasreynolds1988/ati-web-app/backend/ingest.py — Command '['git', 'add', '/home/lucasreynolds1988/ati-web-app/backend/ingest.py']' returned non-zero exit status 128.
2025-06-19 05:52:49,319 - WARNING - ❌ MongoDB error: 'fsUsedSize'
2025-06-19 05:52:51,409 - INFO - ✅ GCS upload complete: ingest.py
2025-06-19 05:52:53,409 - WARNING - ⚠️ Upload incomplete: /home/lucasreynolds1988/ati-web-app/backend/ingest.py
2025-06-19 05:52:53,424 - WARNING - ❌ GitHub upload failed: /home/lucasreynolds1988/ati-web-app/backend/main.py — Command '['git', 'add', '/home/lucasreynolds1988/ati-web-app/backend/main.py']' returned non-zero exit status 128.
2025-06-19 05:52:55,426 - WARNING - ❌ MongoDB error: 'fsUsedSize'
2025-06-19 05:52:57,507 - INFO - ✅ GCS upload complete: main.py
2025-06-19 05:52:59,507 - WARNING - ⚠️ Upload incomplete: /home/lucasreynolds1988/ati-web-app/backend/main.py
2025-06-19 05:52:59,550 - WARNING - ❌ GitHub upload failed: /home/lucasreynolds1988/ati-web-app/backend/pip-mirror/protobuf-5.29.5-cp38-abi3-manylinux2014_x86_64.whl — Command '['git', 'add', '/home/lucasreynolds1988/ati-web-app/backend/pip-mirror/protobuf-5.29.5-cp38-abi3-manylinux2014_x86_64.whl']' returned non-zero exit status 128.
2025-06-19 05:53:01,552 - WARNING - ❌ MongoDB error: 'fsUsedSize'
2025-06-19 05:53:03,629 - INFO - ✅ GCS upload complete: protobuf-5.29.5-cp38-abi3-manylinux2014_x86_64.whl
2025-06-19 05:53:05,629 - WARNING - ⚠️ Upload incomplete: /home/lucasreynolds1988/ati-web-app/backend/pip-mirror/protobuf-5.29.5-cp38-abi3-manylinux2014_x86_64.whl
2025-06-19 05:53:05,652 - WARNING - ❌ GitHub upload failed: /home/lucasreynolds1988/ati-web-app/backend/pip-mirror/opentelemetry_instrumentation_fastapi-0.55b1-py3-none-any.whl — Command '['git', 'add', '/home/lucasreynolds1988/ati-web-app/backend/pip-mirror/opentelemetry_instrumentation_fastapi-0.55b1-py3-none-any.whl']' returned non-zero exit status 128.
2025-06-19 05:53:07,654 - WARNING - ❌ MongoDB error: 'fsUsedSize'
2025-06-19 05:53:09,742 - INFO - ✅ GCS upload complete: opentelemetry_instrumentation_fastapi-0.55b1-py3-none-any.whl
2025-06-19 05:53:11,743 - WARNING - ⚠️ Upload incomplete: /home/lucasreynolds1988/ati-web-app/backend/pip-mirror/opentelemetry_instrumentation_fastapi-0.55b1-py3-none-any.whl
2025-06-19 05:53:11,782 - WARNING - ❌ GitHub upload failed: /home/lucasreynolds1988/ati-web-app/backend/pip-mirror/markdown_it_py-3.0.0-py3-none-any.whl — Command '['git', 'add', '/home/lucasreynolds1988/ati-web-app/backend/pip-mirror/markdown_it_py-3.0.0-py3-none-any.whl']' returned non-zero exit status 128.
2025-06-19 05:53:13,784 - WARNING - ❌ MongoDB error: 'fsUsedSize'
2025-06-19 05:53:15,867 - INFO - ✅ GCS upload complete: markdown_it_py-3.0.0-py3-none-any.whl
2025-06-19 05:53:17,867 - WARNING - ⚠️ Upload incomplete: /home/lucasreynolds1988/ati-web-app/backend/pip-mirror/markdown_it_py-3.0.0-py3-none-any.whl
2025-06-19 05:53:17,891 - WARNING - ❌ GitHub upload failed: /home/lucasreynolds1988/ati-web-app/backend/pip-mirror/packaging-25.0-py3-none-any.whl — Command '['git', 'add', '/home/lucasreynolds1988/ati-web-app/backend/pip-mirror/packaging-25.0-py3-none-any.whl']' returned non-zero exit status 128.
2025-06-19 05:53:19,893 - WARNING - ❌ MongoDB error: 'fsUsedSize'
2025-06-19 05:53:21,974 - INFO - ✅ GCS upload complete: packaging-25.0-py3-none-any.whl
2025-06-19 05:53:23,974 - WARNING - ⚠️ Upload incomplete: /home/lucasreynolds1988/ati-web-app/backend/pip-mirror/packaging-25.0-py3-none-any.whl
2025-06-19 05:53:24,001 - WARNING - ❌ GitHub upload failed: /home/lucasreynolds1988/ati-web-app/backend/pip-mirror/charset_normalizer-3.4.2-cp312-cp312-manylinux_2_17_x86_64.manylinux2014_x86_64.whl — Command '['git', 'add', '/home/lucasreynolds1988/ati-web-app/backend/pip-mirror/charset_normalizer-3.4.2-cp312-cp312-manylinux_2_17_x86_64.manylinux2014_x86_64.whl']' returned non-zero exit status 128.
2025-06-19 05:53:26,004 - WARNING - ❌ MongoDB error: 'fsUsedSize'
2025-06-19 05:53:28,083 - INFO - ✅ GCS upload complete: charset_normalizer-3.4.2-cp312-cp312-manylinux_2_17_x86_64.manylinux2014_x86_64.whl
2025-06-19 05:53:30,083 - WARNING - ⚠️ Upload incomplete: /home/lucasreynolds1988/ati-web-app/backend/pip-mirror/charset_normalizer-3.4.2-cp312-cp312-manylinux_2_17_x86_64.manylinux2014_x86_64.whl
2025-06-19 05:53:30,217 - WARNING - ❌ GitHub upload failed: /home/lucasreynolds1988/ati-web-app/backend/pip-mirror/tokenizers-0.21.1-cp39-abi3-manylinux_2_17_x86_64.manylinux2014_x86_64.whl — Command '['git', 'add', '/home/lucasreynolds1988/ati-web-app/backend/pip-mirror/tokenizers-0.21.1-cp39-abi3-manylinux_2_17_x86_64.manylinux2014_x86_64.whl']' returned non-zero exit status 128.
2025-06-19 05:53:32,220 - WARNING - ❌ MongoDB error: 'fsUsedSize'
2025-06-19 05:53:34,341 - INFO - ✅ GCS upload complete: tokenizers-0.21.1-cp39-abi3-manylinux_2_17_x86_64.manylinux2014_x86_64.whl
2025-06-19 05:53:36,342 - WARNING - ⚠️ Upload incomplete: /home/lucasreynolds1988/ati-web-app/backend/pip-mirror/tokenizers-0.21.1-cp39-abi3-manylinux_2_17_x86_64.manylinux2014_x86_64.whl
2025-06-19 05:53:36,365 - WARNING - ❌ GitHub upload failed: /home/lucasreynolds1988/ati-web-app/backend/pip-mirror/python_dotenv-1.1.0-py3-none-any.whl — Command '['git', 'add', '/home/lucasreynolds1988/ati-web-app/backend/pip-mirror/python_dotenv-1.1.0-py3-none-any.whl']' returned non-zero exit status 128.
2025-06-19 05:53:38,367 - WARNING - ❌ MongoDB error: 'fsUsedSize'
2025-06-19 05:53:40,447 - INFO - ✅ GCS upload complete: python_dotenv-1.1.0-py3-none-any.whl
2025-06-19 05:53:42,447 - WARNING - ⚠️ Upload incomplete: /home/lucasreynolds1988/ati-web-app/backend/pip-mirror/python_dotenv-1.1.0-py3-none-any.whl
2025-06-19 05:53:42,510 - WARNING - ❌ GitHub upload failed: /home/lucasreynolds1988/ati-web-app/backend/pip-mirror/pydantic-2.11.7-py3-none-any.whl — Command '['git', 'add', '/home/lucasreynolds1988/ati-web-app/backend/pip-mirror/pydantic-2.11.7-py3-none-any.whl']' returned non-zero exit status 128.
2025-06-19 05:53:44,512 - WARNING - ❌ MongoDB error: 'fsUsedSize'
2025-06-19 05:53:46,590 - INFO - ✅ GCS upload complete: pydantic-2.11.7-py3-none-any.whl
2025-06-19 05:53:48,591 - WARNING - ⚠️ Upload incomplete: /home/lucasreynolds1988/ati-web-app/backend/pip-mirror/pydantic-2.11.7-py3-none-any.whl
2025-06-19 05:53:48,921 - WARNING - ❌ GitHub upload failed: /home/lucasreynolds1988/ati-web-app/backend/pip-mirror/onnxruntime-1.22.0-cp312-cp312-manylinux_2_27_x86_64.manylinux_2_28_x86_64.whl — Command '['git', 'add', '/home/lucasreynolds1988/ati-web-app/backend/pip-mirror/onnxruntime-1.22.0-cp312-cp312-manylinux_2_27_x86_64.manylinux_2_28_x86_64.whl']' returned non-zero exit status 128.
2025-06-19 05:53:50,924 - WARNING - ❌ MongoDB error: 'fsUsedSize'
2025-06-19 05:53:53,239 - INFO - ✅ GCS upload complete: onnxruntime-1.22.0-cp312-cp312-manylinux_2_27_x86_64.manylinux_2_28_x86_64.whl
2025-06-19 05:53:55,239 - WARNING - ⚠️ Upload incomplete: /home/lucasreynolds1988/ati-web-app/backend/pip-mirror/onnxruntime-1.22.0-cp312-cp312-manylinux_2_27_x86_64.manylinux_2_28_x86_64.whl
2025-06-19 05:53:55,260 - WARNING - ❌ GitHub upload failed: /home/lucasreynolds1988/ati-web-app/backend/pip-mirror/typing_extensions-4.14.0-py3-none-any.whl — Command '['git', 'add', '/home/lucasreynolds1988/ati-web-app/backend/pip-mirror/typing_extensions-4.14.0-py3-none-any.whl']' returned non-zero exit status 128.
2025-06-19 05:53:57,263 - WARNING - ❌ MongoDB error: 'fsUsedSize'
2025-06-19 05:53:59,354 - INFO - ✅ GCS upload complete: typing_extensions-4.14.0-py3-none-any.whl
2025-06-19 05:54:01,354 - WARNING - ⚠️ Upload incomplete: /home/lucasreynolds1988/ati-web-app/backend/pip-mirror/typing_extensions-4.14.0-py3-none-any.whl
2025-06-19 05:54:01,442 - WARNING - ❌ GitHub upload failed: /home/lucasreynolds1988/ati-web-app/backend/pip-mirror/posthog-5.0.0-py3-none-any.whl — Command '['git', 'add', '/home/lucasreynolds1988/ati-web-app/backend/pip-mirror/posthog-5.0.0-py3-none-any.whl']' returned non-zero exit status 128.
2025-06-19 05:54:03,444 - WARNING - ❌ MongoDB error: 'fsUsedSize'
2025-06-19 05:54:05,528 - INFO - ✅ GCS upload complete: posthog-5.0.0-py3-none-any.whl
2025-06-19 05:54:07,528 - WARNING - ⚠️ Upload incomplete: /home/lucasreynolds1988/ati-web-app/backend/pip-mirror/posthog-5.0.0-py3-none-any.whl
2025-06-19 05:54:07,553 - WARNING - ❌ GitHub upload failed: /home/lucasreynolds1988/ati-web-app/backend/pip-mirror/opentelemetry_exporter_otlp_proto_grpc-1.34.1-py3-none-any.whl — Command '['git', 'add', '/home/lucasreynolds1988/ati-web-app/backend/pip-mirror/opentelemetry_exporter_otlp_proto_grpc-1.34.1-py3-none-any.whl']' returned non-zero exit status 128.
2025-06-19 05:54:09,555 - WARNING - ❌ MongoDB error: 'fsUsedSize'
2025-06-19 05:54:11,667 - INFO - ✅ GCS upload complete: opentelemetry_exporter_otlp_proto_grpc-1.34.1-py3-none-any.whl
2025-06-19 05:54:13,667 - WARNING - ⚠️ Upload incomplete: /home/lucasreynolds1988/ati-web-app/backend/pip-mirror/opentelemetry_exporter_otlp_proto_grpc-1.34.1-py3-none-any.whl
2025-06-19 05:54:13,757 - WARNING - ❌ GitHub upload failed: /home/lucasreynolds1988/ati-web-app/backend/pip-mirror/rpds_py-0.25.1-cp312-cp312-manylinux_2_17_x86_64.manylinux2014_x86_64.whl — Command '['git', 'add', '/home/lucasreynolds1988/ati-web-app/backend/pip-mirror/rpds_py-0.25.1-cp312-cp312-manylinux_2_17_x86_64.manylinux2014_x86_64.whl']' returned non-zero exit status 128.
2025-06-19 05:54:15,759 - WARNING - ❌ MongoDB error: 'fsUsedSize'
2025-06-19 05:54:17,850 - INFO - ✅ GCS upload complete: rpds_py-0.25.1-cp312-cp312-manylinux_2_17_x86_64.manylinux2014_x86_64.whl
2025-06-19 05:54:19,850 - WARNING - ⚠️ Upload incomplete: /home/lucasreynolds1988/ati-web-app/backend/pip-mirror/rpds_py-0.25.1-cp312-cp312-manylinux_2_17_x86_64.manylinux2014_x86_64.whl
2025-06-19 05:54:19,877 - WARNING - ❌ GitHub upload failed: /home/lucasreynolds1988/ati-web-app/backend/pip-mirror/pyasn1-0.6.1-py3-none-any.whl — Command '['git', 'add', '/home/lucasreynolds1988/ati-web-app/backend/pip-mirror/pyasn1-0.6.1-py3-none-any.whl']' returned non-zero exit status 128.
2025-06-19 05:54:21,879 - WARNING - ❌ MongoDB error: 'fsUsedSize'
2025-06-19 05:54:23,945 - INFO - ✅ GCS upload complete: pyasn1-0.6.1-py3-none-any.whl
2025-06-19 05:54:25,945 - WARNING - ⚠️ Upload incomplete: /home/lucasreynolds1988/ati-web-app/backend/pip-mirror/pyasn1-0.6.1-py3-none-any.whl
2025-06-19 05:54:25,965 - WARNING - ❌ GitHub upload failed: /home/lucasreynolds1988/ati-web-app/backend/pip-mirror/typing_inspection-0.4.1-py3-none-any.whl — Command '['git', 'add', '/home/lucasreynolds1988/ati-web-app/backend/pip-mirror/typing_inspection-0.4.1-py3-none-any.whl']' returned non-zero exit status 128.
2025-06-19 05:54:27,967 - WARNING - ❌ MongoDB error: 'fsUsedSize'
2025-06-19 05:54:30,039 - INFO - ✅ GCS upload complete: typing_inspection-0.4.1-py3-none-any.whl
2025-06-19 05:54:32,040 - WARNING - ⚠️ Upload incomplete: /home/lucasreynolds1988/ati-web-app/backend/pip-mirror/typing_inspection-0.4.1-py3-none-any.whl
2025-06-19 05:54:32,061 - WARNING - ❌ GitHub upload failed: /home/lucasreynolds1988/ati-web-app/backend/pip-mirror/google_auth-2.40.3-py2.py3-none-any.whl — Command '['git', 'add', '/home/lucasreynolds1988/ati-web-app/backend/pip-mirror/google_auth-2.40.3-py2.py3-none-any.whl']' returned non-zero exit status 128.
2025-06-19 05:54:34,064 - WARNING - ❌ MongoDB error: 'fsUsedSize'
2025-06-19 05:54:36,237 - INFO - ✅ GCS upload complete: google_auth-2.40.3-py2.py3-none-any.whl
2025-06-19 05:54:38,238 - WARNING - ⚠️ Upload incomplete: /home/lucasreynolds1988/ati-web-app/backend/pip-mirror/google_auth-2.40.3-py2.py3-none-any.whl
2025-06-19 05:54:38,296 - WARNING - ❌ GitHub upload failed: /home/lucasreynolds1988/ati-web-app/backend/pip-mirror/watchfiles-1.1.0-cp312-cp312-manylinux_2_17_x86_64.manylinux2014_x86_64.whl — Command '['git', 'add', '/home/lucasreynolds1988/ati-web-app/backend/pip-mirror/watchfiles-1.1.0-cp312-cp312-manylinux_2_17_x86_64.manylinux2014_x86_64.whl']' returned non-zero exit status 128.
2025-06-19 05:54:40,298 - WARNING - ❌ MongoDB error: 'fsUsedSize'
2025-06-19 05:54:42,398 - INFO - ✅ GCS upload complete: watchfiles-1.1.0-cp312-cp312-manylinux_2_17_x86_64.manylinux2014_x86_64.whl
2025-06-19 05:54:44,399 - WARNING - ⚠️ Upload incomplete: /home/lucasreynolds1988/ati-web-app/backend/pip-mirror/watchfiles-1.1.0-cp312-cp312-manylinux_2_17_x86_64.manylinux2014_x86_64.whl
2025-06-19 05:54:44,404 - WARNING - ❌ GitHub upload failed: /home/lucasreynolds1988/ati-web-app/backend/pip-mirror/google_auth_httplib2-0.2.0-py2.py3-none-any.whl — Command '['git', 'add', '/home/lucasreynolds1988/ati-web-app/backend/pip-mirror/google_auth_httplib2-0.2.0-py2.py3-none-any.whl']' returned non-zero exit status 128.
2025-06-19 05:54:46,406 - WARNING - ❌ MongoDB error: 'fsUsedSize'
2025-06-19 05:54:48,483 - INFO - ✅ GCS upload complete: google_auth_httplib2-0.2.0-py2.py3-none-any.whl
2025-06-19 05:54:50,483 - WARNING - ⚠️ Upload incomplete: /home/lucasreynolds1988/ati-web-app/backend/pip-mirror/google_auth_httplib2-0.2.0-py2.py3-none-any.whl
2025-06-19 05:54:50,504 - WARNING - ❌ GitHub upload failed: /home/lucasreynolds1988/ati-web-app/backend/pip-mirror/typer-0.16.0-py3-none-any.whl — Command '['git', 'add', '/home/lucasreynolds1988/ati-web-app/backend/pip-mirror/typer-0.16.0-py3-none-any.whl']' returned non-zero exit status 128.
2025-06-19 05:54:52,507 - WARNING - ❌ MongoDB error: 'fsUsedSize'
2025-06-19 05:54:54,584 - INFO - ✅ GCS upload complete: typer-0.16.0-py3-none-any.whl
2025-06-19 05:54:56,584 - WARNING - ⚠️ Upload incomplete: /home/lucasreynolds1988/ati-web-app/backend/pip-mirror/typer-0.16.0-py3-none-any.whl
2025-06-19 05:54:56,605 - WARNING - ❌ GitHub upload failed: /home/lucasreynolds1988/ati-web-app/backend/pip-mirror/h11-0.16.0-py3-none-any.whl — Command '['git', 'add', '/home/lucasreynolds1988/ati-web-app/backend/pip-mirror/h11-0.16.0-py3-none-any.whl']' returned non-zero exit status 128.
2025-06-19 05:54:58,608 - WARNING - ❌ MongoDB error: 'fsUsedSize'
2025-06-19 05:55:00,683 - INFO - ✅ GCS upload complete: h11-0.16.0-py3-none-any.whl
2025-06-19 05:55:02,683 - WARNING - ⚠️ Upload incomplete: /home/lucasreynolds1988/ati-web-app/backend/pip-mirror/h11-0.16.0-py3-none-any.whl
2025-06-19 05:55:02,702 - WARNING - ❌ GitHub upload failed: /home/lucasreynolds1988/ati-web-app/backend/pip-mirror/opentelemetry_api-1.34.1-py3-none-any.whl — Command '['git', 'add', '/home/lucasreynolds1988/ati-web-app/backend/pip-mirror/opentelemetry_api-1.34.1-py3-none-any.whl']' returned non-zero exit status 128.
2025-06-19 05:55:04,705 - WARNING - ❌ MongoDB error: 'fsUsedSize'
2025-06-19 05:55:06,791 - INFO - ✅ GCS upload complete: opentelemetry_api-1.34.1-py3-none-any.whl
2025-06-19 05:55:08,791 - WARNING - ⚠️ Upload incomplete: /home/lucasreynolds1988/ati-web-app/backend/pip-mirror/opentelemetry_api-1.34.1-py3-none-any.whl
2025-06-19 05:55:08,803 - WARNING - ❌ GitHub upload failed: /home/lucasreynolds1988/ati-web-app/backend/pip-mirror/zipp-3.23.0-py3-none-any.whl — Command '['git', 'add', '/home/lucasreynolds1988/ati-web-app/backend/pip-mirror/zipp-3.23.0-py3-none-any.whl']' returned non-zero exit status 128.
2025-06-19 05:55:10,806 - WARNING - ❌ MongoDB error: 'fsUsedSize'
2025-06-19 05:55:12,874 - INFO - ✅ GCS upload complete: zipp-3.23.0-py3-none-any.whl
2025-06-19 05:55:14,874 - WARNING - ⚠️ Upload incomplete: /home/lucasreynolds1988/ati-web-app/backend/pip-mirror/zipp-3.23.0-py3-none-any.whl
2025-06-19 05:55:14,892 - WARNING - ❌ GitHub upload failed: /home/lucasreynolds1988/ati-web-app/backend/pip-mirror/proto_plus-1.26.1-py3-none-any.whl — Command '['git', 'add', '/home/lucasreynolds1988/ati-web-app/backend/pip-mirror/proto_plus-1.26.1-py3-none-any.whl']' returned non-zero exit status 128.
2025-06-19 05:55:16,894 - WARNING - ❌ MongoDB error: 'fsUsedSize'
2025-06-19 05:55:18,974 - INFO - ✅ GCS upload complete: proto_plus-1.26.1-py3-none-any.whl
2025-06-19 05:55:20,974 - WARNING - ⚠️ Upload incomplete: /home/lucasreynolds1988/ati-web-app/backend/pip-mirror/proto_plus-1.26.1-py3-none-any.whl
2025-06-19 05:55:21,009 - WARNING - ❌ GitHub upload failed: /home/lucasreynolds1988/ati-web-app/backend/pip-mirror/jsonschema_specifications-2025.4.1-py3-none-any.whl — Command '['git', 'add', '/home/lucasreynolds1988/ati-web-app/backend/pip-mirror/jsonschema_specifications-2025.4.1-py3-none-any.whl']' returned non-zero exit status 128.
2025-06-19 05:55:23,011 - WARNING - ❌ MongoDB error: 'fsUsedSize'
2025-06-19 05:55:25,091 - INFO - ✅ GCS upload complete: jsonschema_specifications-2025.4.1-py3-none-any.whl
2025-06-19 05:55:27,091 - WARNING - ⚠️ Upload incomplete: /home/lucasreynolds1988/ati-web-app/backend/pip-mirror/jsonschema_specifications-2025.4.1-py3-none-any.whl
2025-06-19 05:55:27,117 - WARNING - ❌ GitHub upload failed: /home/lucasreynolds1988/ati-web-app/backend/pip-mirror/coloredlogs-15.0.1-py2.py3-none-any.whl — Command '['git', 'add', '/home/lucasreynolds1988/ati-web-app/backend/pip-mirror/coloredlogs-15.0.1-py2.py3-none-any.whl']' returned non-zero exit status 128.
2025-06-19 05:55:29,120 - WARNING - ❌ MongoDB error: 'fsUsedSize'
2025-06-19 05:55:31,218 - INFO - ✅ GCS upload complete: coloredlogs-15.0.1-py2.py3-none-any.whl
2025-06-19 05:55:33,218 - WARNING - ⚠️ Upload incomplete: /home/lucasreynolds1988/ati-web-app/backend/pip-mirror/coloredlogs-15.0.1-py2.py3-none-any.whl
2025-06-19 05:55:33,235 - WARNING - ❌ GitHub upload failed: /home/lucasreynolds1988/ati-web-app/backend/pip-mirror/anyio-4.9.0-py3-none-any.whl — Command '['git', 'add', '/home/lucasreynolds1988/ati-web-app/backend/pip-mirror/anyio-4.9.0-py3-none-any.whl']' returned non-zero exit status 128.
2025-06-19 05:55:35,238 - WARNING - ❌ MongoDB error: 'fsUsedSize'
2025-06-19 05:55:37,328 - INFO - ✅ GCS upload complete: anyio-4.9.0-py3-none-any.whl
2025-06-19 05:55:39,329 - WARNING - ⚠️ Upload incomplete: /home/lucasreynolds1988/ati-web-app/backend/pip-mirror/anyio-4.9.0-py3-none-any.whl
2025-06-19 05:55:39,375 - WARNING - ❌ GitHub upload failed: /home/lucasreynolds1988/ati-web-app/backend/pip-mirror/fsspec-2025.5.1-py3-none-any.whl — Command '['git', 'add', '/home/lucasreynolds1988/ati-web-app/backend/pip-mirror/fsspec-2025.5.1-py3-none-any.whl']' returned non-zero exit status 128.
2025-06-19 05:55:41,378 - WARNING - ❌ MongoDB error: 'fsUsedSize'
2025-06-19 05:55:43,451 - INFO - ✅ GCS upload complete: fsspec-2025.5.1-py3-none-any.whl
2025-06-19 05:55:45,451 - WARNING - ⚠️ Upload incomplete: /home/lucasreynolds1988/ati-web-app/backend/pip-mirror/fsspec-2025.5.1-py3-none-any.whl
2025-06-19 05:55:45,575 - WARNING - ❌ GitHub upload failed: /home/lucasreynolds1988/ati-web-app/backend/pip-mirror/google_ai_generativelanguage-0.6.15-py3-none-any.whl — Command '['git', 'add', '/home/lucasreynolds1988/ati-web-app/backend/pip-mirror/google_ai_generativelanguage-0.6.15-py3-none-any.whl']' returned non-zero exit status 128.
2025-06-19 05:55:47,577 - WARNING - ❌ MongoDB error: 'fsUsedSize'
2025-06-19 05:55:49,650 - INFO - ✅ GCS upload complete: google_ai_generativelanguage-0.6.15-py3-none-any.whl
2025-06-19 05:55:51,650 - WARNING - ⚠️ Upload incomplete: /home/lucasreynolds1988/ati-web-app/backend/pip-mirror/google_ai_generativelanguage-0.6.15-py3-none-any.whl
2025-06-19 05:55:51,714 - WARNING - ❌ GitHub upload failed: /home/lucasreynolds1988/ati-web-app/backend/pip-mirror/mpmath-1.3.0-py3-none-any.whl — Command '['git', 'add', '/home/lucasreynolds1988/ati-web-app/backend/pip-mirror/mpmath-1.3.0-py3-none-any.whl']' returned non-zero exit status 128.
2025-06-19 05:55:53,716 - WARNING - ❌ MongoDB error: 'fsUsedSize'
2025-06-19 05:55:55,808 - INFO - ✅ GCS upload complete: mpmath-1.3.0-py3-none-any.whl
2025-06-19 05:55:57,808 - WARNING - ⚠️ Upload incomplete: /home/lucasreynolds1988/ati-web-app/backend/pip-mirror/mpmath-1.3.0-py3-none-any.whl
2025-06-19 05:55:57,825 - WARNING - ❌ GitHub upload failed: /home/lucasreynolds1988/ati-web-app/backend/pip-mirror/shellingham-1.5.4-py2.py3-none-any.whl — Command '['git', 'add', '/home/lucasreynolds1988/ati-web-app/backend/pip-mirror/shellingham-1.5.4-py2.py3-none-any.whl']' returned non-zero exit status 128.
2025-06-19 05:55:59,827 - WARNING - ❌ MongoDB error: 'fsUsedSize'
2025-06-19 05:56:01,914 - INFO - ✅ GCS upload complete: shellingham-1.5.4-py2.py3-none-any.whl
2025-06-19 05:56:03,915 - WARNING - ⚠️ Upload incomplete: /home/lucasreynolds1988/ati-web-app/backend/pip-mirror/shellingham-1.5.4-py2.py3-none-any.whl
2025-06-19 05:56:03,988 - WARNING - ❌ GitHub upload failed: /home/lucasreynolds1988/ati-web-app/backend/pip-mirror/protobuf-6.31.1-cp39-abi3-manylinux2014_x86_64.whl — Command '['git', 'add', '/home/lucasreynolds1988/ati-web-app/backend/pip-mirror/protobuf-6.31.1-cp39-abi3-manylinux2014_x86_64.whl']' returned non-zero exit status 128.
2025-06-19 05:56:05,991 - WARNING - ❌ MongoDB error: 'fsUsedSize'
2025-06-19 05:56:08,087 - INFO - ✅ GCS upload complete: protobuf-6.31.1-cp39-abi3-manylinux2014_x86_64.whl
2025-06-19 05:56:10,088 - WARNING - ⚠️ Upload incomplete: /home/lucasreynolds1988/ati-web-app/backend/pip-mirror/protobuf-6.31.1-cp39-abi3-manylinux2014_x86_64.whl
2025-06-19 05:56:10,114 - WARNING - ❌ GitHub upload failed: /home/lucasreynolds1988/ati-web-app/backend/pip-mirror/flatbuffers-25.2.10-py2.py3-none-any.whl — Command '['git', 'add', '/home/lucasreynolds1988/ati-web-app/backend/pip-mirror/flatbuffers-25.2.10-py2.py3-none-any.whl']' returned non-zero exit status 128.
2025-06-19 05:56:12,123 - WARNING - ❌ MongoDB error: 'fsUsedSize'
2025-06-19 05:56:14,210 - INFO - ✅ GCS upload complete: flatbuffers-25.2.10-py2.py3-none-any.whl
2025-06-19 05:56:16,211 - WARNING - ⚠️ Upload incomplete: /home/lucasreynolds1988/ati-web-app/backend/pip-mirror/flatbuffers-25.2.10-py2.py3-none-any.whl
2025-06-19 05:56:16,247 - WARNING - ❌ GitHub upload failed: /home/lucasreynolds1988/ati-web-app/backend/pip-mirror/google_api_core-2.25.1-py3-none-any.whl — Command '['git', 'add', '/home/lucasreynolds1988/ati-web-app/backend/pip-mirror/google_api_core-2.25.1-py3-none-any.whl']' returned non-zero exit status 128.
2025-06-19 05:56:18,249 - WARNING - ❌ MongoDB error: 'fsUsedSize'
2025-06-19 05:56:20,335 - INFO - ✅ GCS upload complete: google_api_core-2.25.1-py3-none-any.whl
2025-06-19 05:56:22,335 - WARNING - ⚠️ Upload incomplete: /home/lucasreynolds1988/ati-web-app/backend/pip-mirror/google_api_core-2.25.1-py3-none-any.whl
2025-06-19 05:56:22,372 - WARNING - ❌ GitHub upload failed: /home/lucasreynolds1988/ati-web-app/backend/pip-mirror/overrides-7.7.0-py3-none-any.whl — Command '['git', 'add', '/home/lucasreynolds1988/ati-web-app/backend/pip-mirror/overrides-7.7.0-py3-none-any.whl']' returned non-zero exit status 128.
2025-06-19 05:56:24,375 - WARNING - ❌ MongoDB error: 'fsUsedSize'
2025-06-19 05:56:26,460 - INFO - ✅ GCS upload complete: overrides-7.7.0-py3-none-any.whl
2025-06-19 05:56:28,460 - WARNING - ⚠️ Upload incomplete: /home/lucasreynolds1988/ati-web-app/backend/pip-mirror/overrides-7.7.0-py3-none-any.whl
2025-06-19 05:56:28,515 - WARNING - ❌ GitHub upload failed: /home/lucasreynolds1988/ati-web-app/backend/pip-mirror/pyparsing-3.2.3-py3-none-any.whl — Command '['git', 'add', '/home/lucasreynolds1988/ati-web-app/backend/pip-mirror/pyparsing-3.2.3-py3-none-any.whl']' returned non-zero exit status 128.
2025-06-19 05:56:30,517 - WARNING - ❌ MongoDB error: 'fsUsedSize'
2025-06-19 05:56:32,599 - INFO - ✅ GCS upload complete: pyparsing-3.2.3-py3-none-any.whl
2025-06-19 05:56:34,600 - WARNING - ⚠️ Upload incomplete: /home/lucasreynolds1988/ati-web-app/backend/pip-mirror/pyparsing-3.2.3-py3-none-any.whl
2025-06-19 05:56:34,618 - WARNING - ❌ GitHub upload failed: /home/lucasreynolds1988/ati-web-app/backend/pip-mirror/opentelemetry_util_http-0.55b1-py3-none-any.whl — Command '['git', 'add', '/home/lucasreynolds1988/ati-web-app/backend/pip-mirror/opentelemetry_util_http-0.55b1-py3-none-any.whl']' returned non-zero exit status 128.
2025-06-19 05:56:36,620 - WARNING - ❌ MongoDB error: 'fsUsedSize'
2025-06-19 05:56:38,696 - INFO - ✅ GCS upload complete: opentelemetry_util_http-0.55b1-py3-none-any.whl
2025-06-19 05:56:40,696 - WARNING - ⚠️ Upload incomplete: /home/lucasreynolds1988/ati-web-app/backend/pip-mirror/opentelemetry_util_http-0.55b1-py3-none-any.whl
2025-06-19 05:56:40,718 - WARNING - ❌ GitHub upload failed: /home/lucasreynolds1988/ati-web-app/backend/pip-mirror/PyPika-0.48.9.tar.gz — Command '['git', 'add', '/home/lucasreynolds1988/ati-web-app/backend/pip-mirror/PyPika-0.48.9.tar.gz']' returned non-zero exit status 128.
2025-06-19 05:56:42,720 - WARNING - ❌ MongoDB error: 'fsUsedSize'
2025-06-19 05:56:44,809 - INFO - ✅ GCS upload complete: PyPika-0.48.9.tar.gz
2025-06-19 05:56:46,809 - WARNING - ⚠️ Upload incomplete: /home/lucasreynolds1988/ati-web-app/backend/pip-mirror/PyPika-0.48.9.tar.gz
2025-06-19 05:56:46,827 - WARNING - ❌ GitHub upload failed: /home/lucasreynolds1988/ati-web-app/backend/pip-mirror/annotated_types-0.7.0-py3-none-any.whl — Command '['git', 'add', '/home/lucasreynolds1988/ati-web-app/backend/pip-mirror/annotated_types-0.7.0-py3-none-any.whl']' returned non-zero exit status 128.
2025-06-19 05:56:48,829 - WARNING - ❌ MongoDB error: 'fsUsedSize'
2025-06-19 05:56:50,906 - INFO - ✅ GCS upload complete: annotated_types-0.7.0-py3-none-any.whl
2025-06-19 05:56:52,907 - WARNING - ⚠️ Upload incomplete: /home/lucasreynolds1988/ati-web-app/backend/pip-mirror/annotated_types-0.7.0-py3-none-any.whl
2025-06-19 05:56:52,926 - WARNING - ❌ GitHub upload failed: /home/lucasreynolds1988/ati-web-app/backend/pip-mirror/grpcio_status-1.71.0-py3-none-any.whl — Command '['git', 'add', '/home/lucasreynolds1988/ati-web-app/backend/pip-mirror/grpcio_status-1.71.0-py3-none-any.whl']' returned non-zero exit status 128.
2025-06-19 05:56:54,929 - WARNING - ❌ MongoDB error: 'fsUsedSize'
2025-06-19 05:56:57,010 - INFO - ✅ GCS upload complete: grpcio_status-1.71.0-py3-none-any.whl
2025-06-19 05:56:59,010 - WARNING - ⚠️ Upload incomplete: /home/lucasreynolds1988/ati-web-app/backend/pip-mirror/grpcio_status-1.71.0-py3-none-any.whl
2025-06-19 05:56:59,034 - WARNING - ❌ GitHub upload failed: /home/lucasreynolds1988/ati-web-app/backend/pip-mirror/distro-1.9.0-py3-none-any.whl — Command '['git', 'add', '/home/lucasreynolds1988/ati-web-app/backend/pip-mirror/distro-1.9.0-py3-none-any.whl']' returned non-zero exit status 128.
2025-06-19 05:57:01,037 - WARNING - ❌ MongoDB error: 'fsUsedSize'
2025-06-19 05:57:03,105 - INFO - ✅ GCS upload complete: distro-1.9.0-py3-none-any.whl
2025-06-19 05:57:05,105 - WARNING - ⚠️ Upload incomplete: /home/lucasreynolds1988/ati-web-app/backend/pip-mirror/distro-1.9.0-py3-none-any.whl
2025-06-19 05:57:05,111 - WARNING - ❌ GitHub upload failed: /home/lucasreynolds1988/ati-web-app/backend/pip-mirror/backoff-2.2.1-py3-none-any.whl — Command '['git', 'add', '/home/lucasreynolds1988/ati-web-app/backend/pip-mirror/backoff-2.2.1-py3-none-any.whl']' returned non-zero exit status 128.
2025-06-19 05:57:07,113 - WARNING - ❌ MongoDB error: 'fsUsedSize'
2025-06-19 05:57:09,198 - INFO - ✅ GCS upload complete: backoff-2.2.1-py3-none-any.whl
2025-06-19 05:57:11,198 - WARNING - ⚠️ Upload incomplete: /home/lucasreynolds1988/ati-web-app/backend/pip-mirror/backoff-2.2.1-py3-none-any.whl
2025-06-19 05:57:11,218 - WARNING - ❌ GitHub upload failed: /home/lucasreynolds1988/ati-web-app/backend/pip-mirror/six-1.17.0-py2.py3-none-any.whl — Command '['git', 'add', '/home/lucasreynolds1988/ati-web-app/backend/pip-mirror/six-1.17.0-py2.py3-none-any.whl']' returned non-zero exit status 128.
2025-06-19 05:57:13,220 - WARNING - ❌ MongoDB error: 'fsUsedSize'
2025-06-19 05:57:15,309 - INFO - ✅ GCS upload complete: six-1.17.0-py2.py3-none-any.whl
2025-06-19 05:57:17,310 - WARNING - ⚠️ Upload incomplete: /home/lucasreynolds1988/ati-web-app/backend/pip-mirror/six-1.17.0-py2.py3-none-any.whl
2025-06-19 05:57:17,341 - WARNING - ❌ GitHub upload failed: /home/lucasreynolds1988/ati-web-app/backend/pip-mirror/oauthlib-3.2.2-py3-none-any.whl — Command '['git', 'add', '/home/lucasreynolds1988/ati-web-app/backend/pip-mirror/oauthlib-3.2.2-py3-none-any.whl']' returned non-zero exit status 128.
2025-06-19 05:57:19,344 - WARNING - ❌ MongoDB error: 'fsUsedSize'
2025-06-19 05:57:21,414 - INFO - ✅ GCS upload complete: oauthlib-3.2.2-py3-none-any.whl
2025-06-19 05:57:23,415 - WARNING - ⚠️ Upload incomplete: /home/lucasreynolds1988/ati-web-app/backend/pip-mirror/oauthlib-3.2.2-py3-none-any.whl
2025-06-19 05:57:23,480 - WARNING - ❌ GitHub upload failed: /home/lucasreynolds1988/ati-web-app/backend/pip-mirror/httptools-0.6.4-cp312-cp312-manylinux_2_5_x86_64.manylinux1_x86_64.manylinux_2_17_x86_64.manylinux2014_x86_64.whl — Command '['git', 'add', '/home/lucasreynolds1988/ati-web-app/backend/pip-mirror/httptools-0.6.4-cp312-cp312-manylinux_2_5_x86_64.manylinux1_x86_64.manylinux_2_17_x86_64.manylinux2014_x86_64.whl']' returned non-zero exit status 128.
2025-06-19 05:57:25,483 - WARNING - ❌ MongoDB error: 'fsUsedSize'
2025-06-19 05:57:27,566 - INFO - ✅ GCS upload complete: httptools-0.6.4-cp312-cp312-manylinux_2_5_x86_64.manylinux1_x86_64.manylinux_2_17_x86_64.manylinux2014_x86_64.whl
2025-06-19 05:57:29,566 - WARNING - ⚠️ Upload incomplete: /home/lucasreynolds1988/ati-web-app/backend/pip-mirror/httptools-0.6.4-cp312-cp312-manylinux_2_5_x86_64.manylinux1_x86_64.manylinux_2_17_x86_64.manylinux2014_x86_64.whl
2025-06-19 05:57:29,585 - WARNING - ❌ GitHub upload failed: /home/lucasreynolds1988/ati-web-app/backend/pip-mirror/asgiref-3.8.1-py3-none-any.whl — Command '['git', 'add', '/home/lucasreynolds1988/ati-web-app/backend/pip-mirror/asgiref-3.8.1-py3-none-any.whl']' returned non-zero exit status 128.
2025-06-19 05:57:31,587 - WARNING - ❌ MongoDB error: 'fsUsedSize'
2025-06-19 05:57:33,672 - INFO - ✅ GCS upload complete: asgiref-3.8.1-py3-none-any.whl
2025-06-19 05:57:35,673 - WARNING - ⚠️ Upload incomplete: /home/lucasreynolds1988/ati-web-app/backend/pip-mirror/asgiref-3.8.1-py3-none-any.whl
2025-06-19 05:57:35,694 - WARNING - ❌ GitHub upload failed: /home/lucasreynolds1988/ati-web-app/backend/pip-mirror/fastapi-0.115.9-py3-none-any.whl — Command '['git', 'add', '/home/lucasreynolds1988/ati-web-app/backend/pip-mirror/fastapi-0.115.9-py3-none-any.whl']' returned non-zero exit status 128.
2025-06-19 05:57:37,696 - WARNING - ❌ MongoDB error: 'fsUsedSize'
2025-06-19 05:57:39,784 - INFO - ✅ GCS upload complete: fastapi-0.115.9-py3-none-any.whl
2025-06-19 05:57:41,785 - WARNING - ⚠️ Upload incomplete: /home/lucasreynolds1988/ati-web-app/backend/pip-mirror/fastapi-0.115.9-py3-none-any.whl
2025-06-19 05:57:41,811 - WARNING - ❌ GitHub upload failed: /home/lucasreynolds1988/ati-web-app/backend/pip-mirror/wrapt-1.17.2-cp312-cp312-manylinux_2_5_x86_64.manylinux1_x86_64.manylinux_2_17_x86_64.manylinux2014_x86_64.whl — Command '['git', 'add', '/home/lucasreynolds1988/ati-web-app/backend/pip-mirror/wrapt-1.17.2-cp312-cp312-manylinux_2_5_x86_64.manylinux1_x86_64.manylinux_2_17_x86_64.manylinux2014_x86_64.whl']' returned non-zero exit status 128.
2025-06-19 05:57:43,813 - WARNING - ❌ MongoDB error: 'fsUsedSize'
2025-06-19 05:57:45,950 - INFO - ✅ GCS upload complete: wrapt-1.17.2-cp312-cp312-manylinux_2_5_x86_64.manylinux1_x86_64.manylinux_2_17_x86_64.manylinux2014_x86_64.whl
2025-06-19 05:57:47,950 - WARNING - ⚠️ Upload incomplete: /home/lucasreynolds1988/ati-web-app/backend/pip-mirror/wrapt-1.17.2-cp312-cp312-manylinux_2_5_x86_64.manylinux1_x86_64.manylinux_2_17_x86_64.manylinux2014_x86_64.whl
2025-06-19 05:57:48,041 - WARNING - ❌ GitHub upload failed: /home/lucasreynolds1988/ati-web-app/backend/pip-mirror/mmh3-5.1.0-cp312-cp312-manylinux_2_5_x86_64.manylinux1_x86_64.manylinux_2_17_x86_64.manylinux2014_x86_64.whl — Command '['git', 'add', '/home/lucasreynolds1988/ati-web-app/backend/pip-mirror/mmh3-5.1.0-cp312-cp312-manylinux_2_5_x86_64.manylinux1_x86_64.manylinux_2_17_x86_64.manylinux2014_x86_64.whl']' returned non-zero exit status 128.
2025-06-19 05:57:50,043 - WARNING - ❌ MongoDB error: 'fsUsedSize'
2025-06-19 05:57:52,119 - INFO - ✅ GCS upload complete: mmh3-5.1.0-cp312-cp312-manylinux_2_5_x86_64.manylinux1_x86_64.manylinux_2_17_x86_64.manylinux2014_x86_64.whl
2025-06-19 05:57:54,119 - WARNING - ⚠️ Upload incomplete: /home/lucasreynolds1988/ati-web-app/backend/pip-mirror/mmh3-5.1.0-cp312-cp312-manylinux_2_5_x86_64.manylinux1_x86_64.manylinux_2_17_x86_64.manylinux2014_x86_64.whl
2025-06-19 05:57:54,268 - WARNING - ❌ GitHub upload failed: /home/lucasreynolds1988/ati-web-app/backend/pip-mirror/pydantic_core-2.33.2-cp312-cp312-manylinux_2_17_x86_64.manylinux2014_x86_64.whl — Command '['git', 'add', '/home/lucasreynolds1988/ati-web-app/backend/pip-mirror/pydantic_core-2.33.2-cp312-cp312-manylinux_2_17_x86_64.manylinux2014_x86_64.whl']' returned non-zero exit status 128.
2025-06-19 05:57:56,270 - WARNING - ❌ MongoDB error: 'fsUsedSize'
2025-06-19 05:57:58,364 - INFO - ✅ GCS upload complete: pydantic_core-2.33.2-cp312-cp312-manylinux_2_17_x86_64.manylinux2014_x86_64.whl
2025-06-19 05:58:00,364 - WARNING - ⚠️ Upload incomplete: /home/lucasreynolds1988/ati-web-app/backend/pip-mirror/pydantic_core-2.33.2-cp312-cp312-manylinux_2_17_x86_64.manylinux2014_x86_64.whl
2025-06-19 05:58:00,517 - WARNING - ❌ GitHub upload failed: /home/lucasreynolds1988/ati-web-app/backend/pip-mirror/uvloop-0.21.0-cp312-cp312-manylinux_2_17_x86_64.manylinux2014_x86_64.whl — Command '['git', 'add', '/home/lucasreynolds1988/ati-web-app/backend/pip-mirror/uvloop-0.21.0-cp312-cp312-manylinux_2_17_x86_64.manylinux2014_x86_64.whl']' returned non-zero exit status 128.
2025-06-19 05:58:02,519 - WARNING - ❌ MongoDB error: 'fsUsedSize'
2025-06-19 05:58:04,694 - INFO - ✅ GCS upload complete: uvloop-0.21.0-cp312-cp312-manylinux_2_17_x86_64.manylinux2014_x86_64.whl
2025-06-19 05:58:06,695 - WARNING - ⚠️ Upload incomplete: /home/lucasreynolds1988/ati-web-app/backend/pip-mirror/uvloop-0.21.0-cp312-cp312-manylinux_2_17_x86_64.manylinux2014_x86_64.whl
2025-06-19 05:58:06,709 - WARNING - ❌ GitHub upload failed: /home/lucasreynolds1988/ati-web-app/backend/pip-mirror/opentelemetry_instrumentation_asgi-0.55b1-py3-none-any.whl — Command '['git', 'add', '/home/lucasreynolds1988/ati-web-app/backend/pip-mirror/opentelemetry_instrumentation_asgi-0.55b1-py3-none-any.whl']' returned non-zero exit status 128.
2025-06-19 05:58:08,711 - WARNING - ❌ MongoDB error: 'fsUsedSize'
2025-06-19 05:58:10,790 - INFO - ✅ GCS upload complete: opentelemetry_instrumentation_asgi-0.55b1-py3-none-any.whl
2025-06-19 05:58:12,791 - WARNING - ⚠️ Upload incomplete: /home/lucasreynolds1988/ati-web-app/backend/pip-mirror/opentelemetry_instrumentation_asgi-0.55b1-py3-none-any.whl
2025-06-19 05:58:12,825 - WARNING - ❌ GitHub upload failed: /home/lucasreynolds1988/ati-web-app/backend/pip-mirror/oauthlib-3.3.0-py3-none-any.whl — Command '['git', 'add', '/home/lucasreynolds1988/ati-web-app/backend/pip-mirror/oauthlib-3.3.0-py3-none-any.whl']' returned non-zero exit status 128.
2025-06-19 05:58:14,827 - WARNING - ❌ MongoDB error: 'fsUsedSize'
2025-06-19 05:58:16,913 - INFO - ✅ GCS upload complete: oauthlib-3.3.0-py3-none-any.whl
2025-06-19 05:58:18,913 - WARNING - ⚠️ Upload incomplete: /home/lucasreynolds1988/ati-web-app/backend/pip-mirror/oauthlib-3.3.0-py3-none-any.whl
2025-06-19 05:58:18,962 - WARNING - ❌ GitHub upload failed: /home/lucasreynolds1988/ati-web-app/backend/pip-mirror/httplib2-0.22.0-py3-none-any.whl — Command '['git', 'add', '/home/lucasreynolds1988/ati-web-app/backend/pip-mirror/httplib2-0.22.0-py3-none-any.whl']' returned non-zero exit status 128.
2025-06-19 05:58:20,964 - WARNING - ❌ MongoDB error: 'fsUsedSize'
2025-06-19 05:58:23,041 - INFO - ✅ GCS upload complete: httplib2-0.22.0-py3-none-any.whl
2025-06-19 05:58:25,041 - WARNING - ⚠️ Upload incomplete: /home/lucasreynolds1988/ati-web-app/backend/pip-mirror/httplib2-0.22.0-py3-none-any.whl
2025-06-19 05:58:25,264 - WARNING - ❌ GitHub upload failed: /home/lucasreynolds1988/ati-web-app/backend/pip-mirror/grpcio-1.73.0-cp312-cp312-manylinux_2_17_x86_64.manylinux2014_x86_64.whl — Command '['git', 'add', '/home/lucasreynolds1988/ati-web-app/backend/pip-mirror/grpcio-1.73.0-cp312-cp312-manylinux_2_17_x86_64.manylinux2014_x86_64.whl']' returned non-zero exit status 128.
2025-06-19 05:58:27,267 - WARNING - ❌ MongoDB error: 'fsUsedSize'
2025-06-19 05:58:29,426 - INFO - ✅ GCS upload complete: grpcio-1.73.0-cp312-cp312-manylinux_2_17_x86_64.manylinux2014_x86_64.whl
2025-06-19 05:58:31,427 - WARNING - ⚠️ Upload incomplete: /home/lucasreynolds1988/ati-web-app/backend/pip-mirror/grpcio-1.73.0-cp312-cp312-manylinux_2_17_x86_64.manylinux2014_x86_64.whl
2025-06-19 05:58:31,454 - WARNING - ❌ GitHub upload failed: /home/lucasreynolds1988/ati-web-app/backend/pip-mirror/httpx-0.28.1-py3-none-any.whl — Command '['git', 'add', '/home/lucasreynolds1988/ati-web-app/backend/pip-mirror/httpx-0.28.1-py3-none-any.whl']' returned non-zero exit status 128.
2025-06-19 05:58:33,457 - WARNING - ❌ MongoDB error: 'fsUsedSize'
2025-06-19 05:58:35,536 - INFO - ✅ GCS upload complete: httpx-0.28.1-py3-none-any.whl
2025-06-19 05:58:37,536 - WARNING - ⚠️ Upload incomplete: /home/lucasreynolds1988/ati-web-app/backend/pip-mirror/httpx-0.28.1-py3-none-any.whl
2025-06-19 05:58:37,567 - WARNING - ❌ GitHub upload failed: /home/lucasreynolds1988/ati-web-app/backend/pip-mirror/tenacity-9.1.2-py3-none-any.whl — Command '['git', 'add', '/home/lucasreynolds1988/ati-web-app/backend/pip-mirror/tenacity-9.1.2-py3-none-any.whl']' returned non-zero exit status 128.
2025-06-19 05:58:39,569 - WARNING - ❌ MongoDB error: 'fsUsedSize'
2025-06-19 05:58:41,655 - INFO - ✅ GCS upload complete: tenacity-9.1.2-py3-none-any.whl
2025-06-19 05:58:43,655 - WARNING - ⚠️ Upload incomplete: /home/lucasreynolds1988/ati-web-app/backend/pip-mirror/tenacity-9.1.2-py3-none-any.whl
2025-06-19 05:58:43,672 - WARNING - ❌ GitHub upload failed: /home/lucasreynolds1988/ati-web-app/backend/pip-mirror/build-1.2.2.post1-py3-none-any.whl — Command '['git', 'add', '/home/lucasreynolds1988/ati-web-app/backend/pip-mirror/build-1.2.2.post1-py3-none-any.whl']' returned non-zero exit status 128.
2025-06-19 05:58:45,674 - WARNING - ❌ MongoDB error: 'fsUsedSize'
2025-06-19 05:58:47,795 - INFO - ✅ GCS upload complete: build-1.2.2.post1-py3-none-any.whl
2025-06-19 05:58:49,796 - WARNING - ⚠️ Upload incomplete: /home/lucasreynolds1988/ati-web-app/backend/pip-mirror/build-1.2.2.post1-py3-none-any.whl
2025-06-19 05:58:49,812 - WARNING - ❌ GitHub upload failed: /home/lucasreynolds1988/ati-web-app/backend/pip-mirror/humanfriendly-10.0-py2.py3-none-any.whl — Command '['git', 'add', '/home/lucasreynolds1988/ati-web-app/backend/pip-mirror/humanfriendly-10.0-py2.py3-none-any.whl']' returned non-zero exit status 128.
2025-06-19 05:58:51,815 - WARNING - ❌ MongoDB error: 'fsUsedSize'
2025-06-19 05:58:53,906 - INFO - ✅ GCS upload complete: humanfriendly-10.0-py2.py3-none-any.whl
2025-06-19 05:58:55,906 - WARNING - ⚠️ Upload incomplete: /home/lucasreynolds1988/ati-web-app/backend/pip-mirror/humanfriendly-10.0-py2.py3-none-any.whl
2025-06-19 05:58:55,930 - WARNING - ❌ GitHub upload failed: /home/lucasreynolds1988/ati-web-app/backend/pip-mirror/rsa-4.9.1-py3-none-any.whl — Command '['git', 'add', '/home/lucasreynolds1988/ati-web-app/backend/pip-mirror/rsa-4.9.1-py3-none-any.whl']' returned non-zero exit status 128.
2025-06-19 05:58:57,932 - WARNING - ❌ MongoDB error: 'fsUsedSize'
2025-06-19 05:59:00,010 - INFO - ✅ GCS upload complete: rsa-4.9.1-py3-none-any.whl
2025-06-19 05:59:02,011 - WARNING - ⚠️ Upload incomplete: /home/lucasreynolds1988/ati-web-app/backend/pip-mirror/rsa-4.9.1-py3-none-any.whl
2025-06-19 05:59:02,036 - WARNING - ❌ GitHub upload failed: /home/lucasreynolds1988/ati-web-app/backend/pip-mirror/opentelemetry_semantic_conventions-0.55b1-py3-none-any.whl — Command '['git', 'add', '/home/lucasreynolds1988/ati-web-app/backend/pip-mirror/opentelemetry_semantic_conventions-0.55b1-py3-none-any.whl']' returned non-zero exit status 128.
2025-06-19 05:59:04,038 - WARNING - ❌ MongoDB error: 'fsUsedSize'
2025-06-19 05:59:06,131 - INFO - ✅ GCS upload complete: opentelemetry_semantic_conventions-0.55b1-py3-none-any.whl
2025-06-19 05:59:08,131 - WARNING - ⚠️ Upload incomplete: /home/lucasreynolds1988/ati-web-app/backend/pip-mirror/opentelemetry_semantic_conventions-0.55b1-py3-none-any.whl
2025-06-19 05:59:08,176 - WARNING - ❌ GitHub upload failed: /home/lucasreynolds1988/ati-web-app/backend/pip-mirror/orjson-3.10.18-cp312-cp312-manylinux_2_17_x86_64.manylinux2014_x86_64.whl — Command '['git', 'add', '/home/lucasreynolds1988/ati-web-app/backend/pip-mirror/orjson-3.10.18-cp312-cp312-manylinux_2_17_x86_64.manylinux2014_x86_64.whl']' returned non-zero exit status 128.
2025-06-19 05:59:10,179 - WARNING - ❌ MongoDB error: 'fsUsedSize'
2025-06-19 05:59:12,275 - INFO - ✅ GCS upload complete: orjson-3.10.18-cp312-cp312-manylinux_2_17_x86_64.manylinux2014_x86_64.whl
2025-06-19 05:59:14,275 - WARNING - ⚠️ Upload incomplete: /home/lucasreynolds1988/ati-web-app/backend/pip-mirror/orjson-3.10.18-cp312-cp312-manylinux_2_17_x86_64.manylinux2014_x86_64.whl
2025-06-19 05:59:14,294 - WARNING - ❌ GitHub upload failed: /home/lucasreynolds1988/ati-web-app/backend/pip-mirror/websocket_client-1.8.0-py3-none-any.whl — Command '['git', 'add', '/home/lucasreynolds1988/ati-web-app/backend/pip-mirror/websocket_client-1.8.0-py3-none-any.whl']' returned non-zero exit status 128.
2025-06-19 05:59:16,296 - WARNING - ❌ MongoDB error: 'fsUsedSize'
2025-06-19 05:59:18,378 - INFO - ✅ GCS upload complete: websocket_client-1.8.0-py3-none-any.whl
2025-06-19 05:59:20,378 - WARNING - ⚠️ Upload incomplete: /home/lucasreynolds1988/ati-web-app/backend/pip-mirror/websocket_client-1.8.0-py3-none-any.whl
2025-06-19 05:59:20,398 - WARNING - ❌ GitHub upload failed: /home/lucasreynolds1988/ati-web-app/backend/pip-mirror/requests_oauthlib-2.0.0-py2.py3-none-any.whl — Command '['git', 'add', '/home/lucasreynolds1988/ati-web-app/backend/pip-mirror/requests_oauthlib-2.0.0-py2.py3-none-any.whl']' returned non-zero exit status 128.
2025-06-19 05:59:22,400 - WARNING - ❌ MongoDB error: 'fsUsedSize'
2025-06-19 05:59:24,485 - INFO - ✅ GCS upload complete: requests_oauthlib-2.0.0-py2.py3-none-any.whl
2025-06-19 05:59:26,486 - WARNING - ⚠️ Upload incomplete: /home/lucasreynolds1988/ati-web-app/backend/pip-mirror/requests_oauthlib-2.0.0-py2.py3-none-any.whl
2025-06-19 05:59:26,504 - WARNING - ❌ GitHub upload failed: /home/lucasreynolds1988/ati-web-app/backend/pip-mirror/mdurl-0.1.2-py3-none-any.whl — Command '['git', 'add', '/home/lucasreynolds1988/ati-web-app/backend/pip-mirror/mdurl-0.1.2-py3-none-any.whl']' returned non-zero exit status 128.
2025-06-19 05:59:28,506 - WARNING - ❌ MongoDB error: 'fsUsedSize'
2025-06-19 05:59:30,587 - INFO - ✅ GCS upload complete: mdurl-0.1.2-py3-none-any.whl
2025-06-19 05:59:32,587 - WARNING - ⚠️ Upload incomplete: /home/lucasreynolds1988/ati-web-app/backend/pip-mirror/mdurl-0.1.2-py3-none-any.whl
2025-06-19 05:59:32,604 - WARNING - ❌ GitHub upload failed: /home/lucasreynolds1988/ati-web-app/backend/pip-mirror/rich-14.0.0-py3-none-any.whl — Command '['git', 'add', '/home/lucasreynolds1988/ati-web-app/backend/pip-mirror/rich-14.0.0-py3-none-any.whl']' returned non-zero exit status 128.
2025-06-19 05:59:34,606 - WARNING - ❌ MongoDB error: 'fsUsedSize'
2025-06-19 05:59:36,683 - INFO - ✅ GCS upload complete: rich-14.0.0-py3-none-any.whl
2025-06-19 05:59:38,684 - WARNING - ⚠️ Upload incomplete: /home/lucasreynolds1988/ati-web-app/backend/pip-mirror/rich-14.0.0-py3-none-any.whl
2025-06-19 05:59:38,709 - WARNING - ❌ GitHub upload failed: /home/lucasreynolds1988/ati-web-app/backend/pip-mirror/websockets-15.0.1-cp312-cp312-manylinux_2_5_x86_64.manylinux1_x86_64.manylinux_2_17_x86_64.manylinux2014_x86_64.whl — Command '['git', 'add', '/home/lucasreynolds1988/ati-web-app/backend/pip-mirror/websockets-15.0.1-cp312-cp312-manylinux_2_5_x86_64.manylinux1_x86_64.manylinux_2_17_x86_64.manylinux2014_x86_64.whl']' returned non-zero exit status 128.
2025-06-19 05:59:40,712 - WARNING - ❌ MongoDB error: 'fsUsedSize'
2025-06-19 05:59:42,782 - INFO - ✅ GCS upload complete: websockets-15.0.1-cp312-cp312-manylinux_2_5_x86_64.manylinux1_x86_64.manylinux_2_17_x86_64.manylinux2014_x86_64.whl
2025-06-19 05:59:44,782 - WARNING - ⚠️ Upload incomplete: /home/lucasreynolds1988/ati-web-app/backend/pip-mirror/websockets-15.0.1-cp312-cp312-manylinux_2_5_x86_64.manylinux1_x86_64.manylinux_2_17_x86_64.manylinux2014_x86_64.whl
2025-06-19 05:59:44,802 - WARNING - ❌ GitHub upload failed: /home/lucasreynolds1988/ati-web-app/backend/pip-mirror/starlette-0.45.3-py3-none-any.whl — Command '['git', 'add', '/home/lucasreynolds1988/ati-web-app/backend/pip-mirror/starlette-0.45.3-py3-none-any.whl']' returned non-zero exit status 128.
2025-06-19 05:59:46,805 - WARNING - ❌ MongoDB error: 'fsUsedSize'
2025-06-19 05:59:48,886 - INFO - ✅ GCS upload complete: starlette-0.45.3-py3-none-any.whl
2025-06-19 05:59:50,886 - WARNING - ⚠️ Upload incomplete: /home/lucasreynolds1988/ati-web-app/backend/pip-mirror/starlette-0.45.3-py3-none-any.whl
2025-06-19 05:59:50,909 - WARNING - ❌ GitHub upload failed: /home/lucasreynolds1988/ati-web-app/backend/pip-mirror/PyYAML-6.0.2-cp312-cp312-manylinux_2_17_x86_64.manylinux2014_x86_64.whl — Command '['git', 'add', '/home/lucasreynolds1988/ati-web-app/backend/pip-mirror/PyYAML-6.0.2-cp312-cp312-manylinux_2_17_x86_64.manylinux2014_x86_64.whl']' returned non-zero exit status 128.
2025-06-19 05:59:52,912 - WARNING - ❌ MongoDB error: 'fsUsedSize'
2025-06-19 05:59:54,992 - INFO - ✅ GCS upload complete: PyYAML-6.0.2-cp312-cp312-manylinux_2_17_x86_64.manylinux2014_x86_64.whl
2025-06-19 05:59:56,992 - WARNING - ⚠️ Upload incomplete: /home/lucasreynolds1988/ati-web-app/backend/pip-mirror/PyYAML-6.0.2-cp312-cp312-manylinux_2_17_x86_64.manylinux2014_x86_64.whl
2025-06-19 05:59:57,260 - WARNING - ❌ GitHub upload failed: /home/lucasreynolds1988/ati-web-app/backend/pip-mirror/google_api_python_client-2.172.0-py3-none-any.whl — Command '['git', 'add', '/home/lucasreynolds1988/ati-web-app/backend/pip-mirror/google_api_python_client-2.172.0-py3-none-any.whl']' returned non-zero exit status 128.
2025-06-19 05:59:59,262 - WARNING - ❌ MongoDB error: 'fsUsedSize'
2025-06-19 06:00:01,626 - INFO - ✅ GCS upload complete: google_api_python_client-2.172.0-py3-none-any.whl
2025-06-19 06:00:03,626 - WARNING - ⚠️ Upload incomplete: /home/lucasreynolds1988/ati-web-app/backend/pip-mirror/google_api_python_client-2.172.0-py3-none-any.whl
2025-06-19 06:00:03,688 - WARNING - ❌ GitHub upload failed: /home/lucasreynolds1988/ati-web-app/backend/pip-mirror/huggingface_hub-0.33.0-py3-none-any.whl — Command '['git', 'add', '/home/lucasreynolds1988/ati-web-app/backend/pip-mirror/huggingface_hub-0.33.0-py3-none-any.whl']' returned non-zero exit status 128.
2025-06-19 06:00:05,691 - WARNING - ❌ MongoDB error: 'fsUsedSize'
2025-06-19 06:00:07,787 - INFO - ✅ GCS upload complete: huggingface_hub-0.33.0-py3-none-any.whl
2025-06-19 06:00:09,787 - WARNING - ⚠️ Upload incomplete: /home/lucasreynolds1988/ati-web-app/backend/pip-mirror/huggingface_hub-0.33.0-py3-none-any.whl
2025-06-19 06:00:09,820 - WARNING - ❌ GitHub upload failed: /home/lucasreynolds1988/ati-web-app/backend/pip-mirror/google_generativeai-0.8.5-py3-none-any.whl — Command '['git', 'add', '/home/lucasreynolds1988/ati-web-app/backend/pip-mirror/google_generativeai-0.8.5-py3-none-any.whl']' returned non-zero exit status 128.
2025-06-19 06:00:11,823 - WARNING - ❌ MongoDB error: 'fsUsedSize'
2025-06-19 06:00:13,908 - INFO - ✅ GCS upload complete: google_generativeai-0.8.5-py3-none-any.whl
2025-06-19 06:00:15,909 - WARNING - ⚠️ Upload incomplete: /home/lucasreynolds1988/ati-web-app/backend/pip-mirror/google_generativeai-0.8.5-py3-none-any.whl
2025-06-19 06:00:15,923 - WARNING - ❌ GitHub upload failed: /home/lucasreynolds1988/ati-web-app/backend/pip-mirror/opentelemetry_instrumentation-0.55b1-py3-none-any.whl — Command '['git', 'add', '/home/lucasreynolds1988/ati-web-app/backend/pip-mirror/opentelemetry_instrumentation-0.55b1-py3-none-any.whl']' returned non-zero exit status 128.
2025-06-19 06:00:17,925 - WARNING - ❌ MongoDB error: 'fsUsedSize'
2025-06-19 06:00:20,015 - INFO - ✅ GCS upload complete: opentelemetry_instrumentation-0.55b1-py3-none-any.whl
2025-06-19 06:00:22,015 - WARNING - ⚠️ Upload incomplete: /home/lucasreynolds1988/ati-web-app/backend/pip-mirror/opentelemetry_instrumentation-0.55b1-py3-none-any.whl
2025-06-19 06:00:22,072 - WARNING - ❌ GitHub upload failed: /home/lucasreynolds1988/ati-web-app/backend/pip-mirror/bcrypt-4.3.0-cp39-abi3-manylinux_2_34_x86_64.whl — Command '['git', 'add', '/home/lucasreynolds1988/ati-web-app/backend/pip-mirror/bcrypt-4.3.0-cp39-abi3-manylinux_2_34_x86_64.whl']' returned non-zero exit status 128.
2025-06-19 06:00:24,075 - WARNING - ❌ MongoDB error: 'fsUsedSize'
2025-06-19 06:00:26,178 - INFO - ✅ GCS upload complete: bcrypt-4.3.0-cp39-abi3-manylinux_2_34_x86_64.whl
2025-06-19 06:00:28,179 - WARNING - ⚠️ Upload incomplete: /home/lucasreynolds1988/ati-web-app/backend/pip-mirror/bcrypt-4.3.0-cp39-abi3-manylinux_2_34_x86_64.whl
2025-06-19 06:00:28,204 - WARNING - ❌ GitHub upload failed: /home/lucasreynolds1988/ati-web-app/backend/pip-mirror/click-8.2.1-py3-none-any.whl — Command '['git', 'add', '/home/lucasreynolds1988/ati-web-app/backend/pip-mirror/click-8.2.1-py3-none-any.whl']' returned non-zero exit status 128.
2025-06-19 06:00:30,207 - WARNING - ❌ MongoDB error: 'fsUsedSize'
2025-06-19 06:00:32,288 - INFO - ✅ GCS upload complete: click-8.2.1-py3-none-any.whl
2025-06-19 06:00:34,288 - WARNING - ⚠️ Upload incomplete: /home/lucasreynolds1988/ati-web-app/backend/pip-mirror/click-8.2.1-py3-none-any.whl
2025-06-19 06:00:34,314 - WARNING - ❌ GitHub upload failed: /home/lucasreynolds1988/ati-web-app/backend/pip-mirror/urllib3-2.4.0-py3-none-any.whl — Command '['git', 'add', '/home/lucasreynolds1988/ati-web-app/backend/pip-mirror/urllib3-2.4.0-py3-none-any.whl']' returned non-zero exit status 128.
2025-06-19 06:00:36,316 - WARNING - ❌ MongoDB error: 'fsUsedSize'
2025-06-19 06:00:38,399 - INFO - ✅ GCS upload complete: urllib3-2.4.0-py3-none-any.whl
2025-06-19 06:00:40,400 - WARNING - ⚠️ Upload incomplete: /home/lucasreynolds1988/ati-web-app/backend/pip-mirror/urllib3-2.4.0-py3-none-any.whl
2025-06-19 06:00:40,423 - WARNING - ❌ GitHub upload failed: /home/lucasreynolds1988/ati-web-app/backend/pip-mirror/uvicorn-0.34.3-py3-none-any.whl — Command '['git', 'add', '/home/lucasreynolds1988/ati-web-app/backend/pip-mirror/uvicorn-0.34.3-py3-none-any.whl']' returned non-zero exit status 128.
2025-06-19 06:00:42,425 - WARNING - ❌ MongoDB error: 'fsUsedSize'
2025-06-19 06:00:44,563 - INFO - ✅ GCS upload complete: uvicorn-0.34.3-py3-none-any.whl
2025-06-19 06:00:46,564 - WARNING - ⚠️ Upload incomplete: /home/lucasreynolds1988/ati-web-app/backend/pip-mirror/uvicorn-0.34.3-py3-none-any.whl
2025-06-19 06:00:46,581 - WARNING - ❌ GitHub upload failed: /home/lucasreynolds1988/ati-web-app/backend/pip-mirror/durationpy-0.10-py3-none-any.whl — Command '['git', 'add', '/home/lucasreynolds1988/ati-web-app/backend/pip-mirror/durationpy-0.10-py3-none-any.whl']' returned non-zero exit status 128.
2025-06-19 06:00:48,583 - WARNING - ❌ MongoDB error: 'fsUsedSize'
2025-06-19 06:00:50,662 - INFO - ✅ GCS upload complete: durationpy-0.10-py3-none-any.whl
2025-06-19 06:00:52,662 - WARNING - ⚠️ Upload incomplete: /home/lucasreynolds1988/ati-web-app/backend/pip-mirror/durationpy-0.10-py3-none-any.whl
2025-06-19 06:00:52,871 - WARNING - ❌ GitHub upload failed: /home/lucasreynolds1988/ati-web-app/backend/pip-mirror/sympy-1.14.0-py3-none-any.whl — Command '['git', 'add', '/home/lucasreynolds1988/ati-web-app/backend/pip-mirror/sympy-1.14.0-py3-none-any.whl']' returned non-zero exit status 128.
2025-06-19 06:00:54,873 - WARNING - ❌ MongoDB error: 'fsUsedSize'
2025-06-19 06:00:57,081 - INFO - ✅ GCS upload complete: sympy-1.14.0-py3-none-any.whl
2025-06-19 06:00:59,081 - WARNING - ⚠️ Upload incomplete: /home/lucasreynolds1988/ati-web-app/backend/pip-mirror/sympy-1.14.0-py3-none-any.whl
2025-06-19 06:00:59,102 - WARNING - ❌ GitHub upload failed: /home/lucasreynolds1988/ati-web-app/backend/pip-mirror/opentelemetry_proto-1.34.1-py3-none-any.whl — Command '['git', 'add', '/home/lucasreynolds1988/ati-web-app/backend/pip-mirror/opentelemetry_proto-1.34.1-py3-none-any.whl']' returned non-zero exit status 128.
2025-06-19 06:01:01,105 - WARNING - ❌ MongoDB error: 'fsUsedSize'
2025-06-19 06:01:03,195 - INFO - ✅ GCS upload complete: opentelemetry_proto-1.34.1-py3-none-any.whl
2025-06-19 06:01:05,195 - WARNING - ⚠️ Upload incomplete: /home/lucasreynolds1988/ati-web-app/backend/pip-mirror/opentelemetry_proto-1.34.1-py3-none-any.whl
2025-06-19 06:01:05,211 - WARNING - ❌ GitHub upload failed: /home/lucasreynolds1988/ati-web-app/backend/pip-mirror/idna-3.10-py3-none-any.whl — Command '['git', 'add', '/home/lucasreynolds1988/ati-web-app/backend/pip-mirror/idna-3.10-py3-none-any.whl']' returned non-zero exit status 128.
2025-06-19 06:01:07,213 - WARNING - ❌ MongoDB error: 'fsUsedSize'
2025-06-19 06:01:09,305 - INFO - ✅ GCS upload complete: idna-3.10-py3-none-any.whl
2025-06-19 06:01:11,305 - WARNING - ⚠️ Upload incomplete: /home/lucasreynolds1988/ati-web-app/backend/pip-mirror/idna-3.10-py3-none-any.whl
2025-06-19 06:01:11,331 - WARNING - ❌ GitHub upload failed: /home/lucasreynolds1988/ati-web-app/backend/pip-mirror/pypdf2-3.0.1-py3-none-any.whl — Command '['git', 'add', '/home/lucasreynolds1988/ati-web-app/backend/pip-mirror/pypdf2-3.0.1-py3-none-any.whl']' returned non-zero exit status 128.
